<?xml version="1.0" encoding="UTF-8"?>
<!-- Generated by org.testng.reporters.JUnitReportReporter -->
<testsuite hostname="Dell" failures="0" tests="1" name="orgTests.CreateOrgTest" time="0.013" errors="0" timestamp="2022-03-14T16:21:51 IST" skipped="0">
  <testcase classname="orgTests.CreateOrgTest" name="createOrg" time="0.013"/>
  <system-out/>
</testsuite> <!-- orgTests.CreateOrgTest -->
